0 info it worked if it ends with ok
1 verbose cli [ '/Users/yiyang/.nvm/versions/node/v4.9.1/bin/node',
1 verbose cli   '/Users/yiyang/.nvm/versions/node/v4.9.1/bin/npm',
1 verbose cli   'run',
1 verbose cli   'socket-dev' ]
2 info using npm@2.15.11
3 info using node@v4.9.1
4 verbose run-script [ 'presocket-dev', 'socket-dev', 'postsocket-dev' ]
5 info presocket-dev launchpad-communication@0.0.1
6 info socket-dev launchpad-communication@0.0.1
7 verbose unsafe-perm in lifecycle true
8 info launchpad-communication@0.0.1 Failed to exec socket-dev script
9 verbose stack Error: launchpad-communication@0.0.1 socket-dev: `nodemon src/SocketService/server.ts | pino-pretty`
9 verbose stack spawn ENOENT
9 verbose stack     at ChildProcess.<anonymous> (/Users/yiyang/.nvm/versions/node/v4.9.1/lib/node_modules/npm/lib/utils/spawn.js:17:16)
9 verbose stack     at emitTwo (events.js:87:13)
9 verbose stack     at ChildProcess.emit (events.js:172:7)
9 verbose stack     at maybeClose (internal/child_process.js:862:16)
9 verbose stack     at Process.ChildProcess._handle.onexit (internal/child_process.js:222:5)
10 verbose pkgid launchpad-communication@0.0.1
11 verbose cwd /Users/yiyang/works/launchpad_communication
12 error Darwin 23.3.0
13 error argv "/Users/yiyang/.nvm/versions/node/v4.9.1/bin/node" "/Users/yiyang/.nvm/versions/node/v4.9.1/bin/npm" "run" "socket-dev"
14 error node v4.9.1
15 error npm  v2.15.11
16 error file sh
17 error code ELIFECYCLE
18 error errno ENOENT
19 error syscall spawn
20 error launchpad-communication@0.0.1 socket-dev: `nodemon src/SocketService/server.ts | pino-pretty`
20 error spawn ENOENT
21 error Failed at the launchpad-communication@0.0.1 socket-dev script 'nodemon src/SocketService/server.ts | pino-pretty'.
21 error This is most likely a problem with the launchpad-communication package,
21 error not with npm itself.
21 error Tell the author that this fails on your system:
21 error     nodemon src/SocketService/server.ts | pino-pretty
21 error You can get information on how to open an issue for this project with:
21 error     npm bugs launchpad-communication
21 error Or if that isn't available, you can get their info via:
21 error
21 error     npm owner ls launchpad-communication
21 error There is likely additional logging output above.
22 verbose exit [ 1, true ]
